<?xml version="1.0" encoding="UTF-8"?>
<!-- Generated by org.testng.reporters.JUnitReportReporter -->
<testsuite skipped="0" hostname="LAPTOP-JNVFOM23" name="com.acheive.pages.OurPartner" tests="1" failures="0" timestamp="2021-01-15T15:33:47 IST" time="7.804" errors="0">
  <testcase name="automateOurPartner" time="7.804" classname="com.acheive.pages.OurPartner"/>
  <system-out/>
</testsuite> <!-- com.acheive.pages.OurPartner -->
